<?xml version="1.0" encoding="UTF-8"?>
<!-- Generated by org.testng.reporters.JUnitReportReporter -->
<testsuite hostname="LAPTOP-HE3IJ9BH" failures="0" tests="1" name="TestDrive.BrokenlinksTest" time="12.522" errors="0" timestamp="2023-10-26T00:13:45 IST" skipped="0">
  <testcase classname="TestDrive.BrokenlinksTest" name="BrokenLinkTest" time="12.522"/>
  <system-out/>
</testsuite> <!-- TestDrive.BrokenlinksTest -->
