<?xml version="1.0" encoding="UTF-8"?>
<!-- Generated by org.testng.reporters.JUnitReportReporter -->
<testsuite hostname="LAPTOP-HE3IJ9BH" failures="0" tests="1" name="TestDrive.SiginPageTest" time="6.449" errors="0" timestamp="2023-10-26T00:17:10 IST" skipped="0">
  <testcase classname="TestDrive.SiginPageTest" name="Login" time="6.449"/>
  <system-out/>
</testsuite> <!-- TestDrive.SiginPageTest -->
